[2024-02-17 17:18:15,517: INFO: main: Welcome to cnnClassifier!]
[2024-02-17 23:47:53,024: INFO: common: yaml file: config\config.yaml loaded successfully]
[2024-02-17 23:47:53,033: INFO: common: yaml file: params.yaml loaded successfully]
[2024-02-17 23:47:53,035: INFO: common: created directory at: artifacts]
[2024-02-17 23:47:53,037: INFO: common: created directory at: artifacts/data_ingestion]
[2024-02-17 23:47:53,039: INFO: 1983665874: Downloading data from https://drive.google.com/file/d/1Z07H2p2ig3x95Lu8HkTuvCWwDHfH8iqY/view?usp=sharing into file artifacts/data_ingestion/data.zip]
[2024-02-17 23:48:13,779: INFO: 1983665874: Downloaded data from https://drive.google.com/file/d/1Z07H2p2ig3x95Lu8HkTuvCWwDHfH8iqY/view?usp=sharing into file artifacts/data_ingestion/data.zip]
[2024-02-17 23:50:14,328: INFO: common: yaml file: config\config.yaml loaded successfully]
[2024-02-17 23:50:14,330: INFO: common: yaml file: params.yaml loaded successfully]
[2024-02-17 23:50:14,331: INFO: common: created directory at: artifacts]
[2024-02-17 23:50:14,332: INFO: common: created directory at: artifacts/data_ingestion]
[2024-02-17 23:50:14,333: INFO: 1983665874: Downloading data from https://drive.google.com/file/d/1Z07H2p2ig3x95Lu8HkTuvCWwDHfH8iqY/view?usp=sharing into file artifacts/data_ingestion/data.zip]
[2024-02-17 23:50:36,178: INFO: 1983665874: Downloaded data from https://drive.google.com/file/d/1Z07H2p2ig3x95Lu8HkTuvCWwDHfH8iqY/view?usp=sharing into file artifacts/data_ingestion/data.zip]
[2024-02-17 23:53:45,496: INFO: common: yaml file: config\config.yaml loaded successfully]
[2024-02-17 23:53:45,505: INFO: common: yaml file: params.yaml loaded successfully]
[2024-02-17 23:53:45,506: INFO: common: created directory at: artifacts]
[2024-02-17 23:53:45,507: INFO: common: created directory at: artifacts/data_ingestion]
[2024-02-17 23:53:45,509: INFO: 1983665874: Downloading data from https://drive.google.com/file/d/1Z07H2p2ig3x95Lu8HkTuvCWwDHfH8iqY/view?usp=sharing into file artifacts/data_ingestion/data.zip]
[2024-02-17 23:54:06,124: INFO: 1983665874: Downloaded data from https://drive.google.com/file/d/1Z07H2p2ig3x95Lu8HkTuvCWwDHfH8iqY/view?usp=sharing into file artifacts/data_ingestion/data.zip]
[2024-02-17 23:54:42,711: INFO: common: yaml file: config\config.yaml loaded successfully]
[2024-02-17 23:54:42,714: INFO: common: yaml file: params.yaml loaded successfully]
[2024-02-17 23:54:42,716: INFO: common: created directory at: artifacts]
[2024-02-17 23:54:42,718: INFO: common: created directory at: artifacts/data_ingestion]
[2024-02-17 23:54:42,719: INFO: 1983665874: Downloading data from https://drive.google.com/file/d/1Z07H2p2ig3x95Lu8HkTuvCWwDHfH8iqY/view?usp=sharing into file artifacts/data_ingestion/data.zip]
[2024-02-17 23:55:00,371: INFO: 1983665874: Downloaded data from https://drive.google.com/file/d/1Z07H2p2ig3x95Lu8HkTuvCWwDHfH8iqY/view?usp=sharing into file artifacts/data_ingestion/data.zip]
[2024-02-17 23:59:55,587: INFO: common: yaml file: config\config.yaml loaded successfully]
[2024-02-17 23:59:55,588: INFO: common: yaml file: params.yaml loaded successfully]
[2024-02-17 23:59:55,590: INFO: common: created directory at: artifacts]
[2024-02-17 23:59:55,591: INFO: common: created directory at: artifacts/data_ingestion]
[2024-02-17 23:59:55,592: INFO: 1983665874: Downloading data from https://drive.google.com/file/d/1Z07H2p2ig3x95Lu8HkTuvCWwDHfH8iqY/view?usp=sharing into file artifacts/data_ingestion/data.zip]
[2024-02-18 00:00:17,073: INFO: 1983665874: Downloaded data from https://drive.google.com/file/d/1Z07H2p2ig3x95Lu8HkTuvCWwDHfH8iqY/view?usp=sharing into file artifacts/data_ingestion/data.zip]
[2024-02-18 00:13:18,114: INFO: common: yaml file: config\config.yaml loaded successfully]
[2024-02-18 00:13:18,115: INFO: common: yaml file: params.yaml loaded successfully]
[2024-02-18 00:13:18,116: INFO: common: created directory at: artifacts]
[2024-02-18 00:13:18,118: INFO: common: created directory at: artifacts/data_ingestion]
[2024-02-18 00:13:18,119: INFO: 1983665874: Downloading data from https://drive.google.com/file/d/1Z07H2p2ig3x95Lu8HkTuvCWwDHfH8iqY/view?usp=sharing into file artifacts/data_ingestion/data.zip]
[2024-02-18 00:15:58,136: INFO: common: yaml file: config\config.yaml loaded successfully]
[2024-02-18 00:15:58,138: INFO: common: yaml file: params.yaml loaded successfully]
[2024-02-18 00:15:58,140: INFO: common: created directory at: artifacts]
[2024-02-18 00:15:58,141: INFO: common: created directory at: artifacts/data_ingestion]
[2024-02-18 00:15:58,142: INFO: 1983665874: Downloading data from https://drive.google.com/file/d/1TwcmNPN5OBplkd0FwCKfd4xFUnaw_sdo/view?usp=sharing into file artifacts/data_ingestion/data.zip]
[2024-02-18 00:16:12,439: INFO: 1983665874: Downloaded data from https://drive.google.com/file/d/1TwcmNPN5OBplkd0FwCKfd4xFUnaw_sdo/view?usp=sharing into file artifacts/data_ingestion/data.zip]
[2024-02-18 20:36:26,813: INFO: main: >>>>>> stage Data Ingestion stage started <<<<<<]
[2024-02-18 20:36:26,815: INFO: common: yaml file: config\config.yaml loaded successfully]
[2024-02-18 20:36:26,819: INFO: common: yaml file: params.yaml loaded successfully]
[2024-02-18 20:36:26,820: INFO: common: created directory at: artifacts]
[2024-02-18 20:36:26,821: INFO: common: created directory at: artifacts/data_ingestion]
[2024-02-18 20:36:26,822: INFO: data_ingestion: Downloading data from https://drive.google.com/file/d/1TwcmNPN5OBplkd0FwCKfd4xFUnaw_sdo/view?usp=sharing into file artifacts/data_ingestion/data.zip]
[2024-02-18 20:36:42,615: INFO: data_ingestion: Downloaded data from https://drive.google.com/file/d/1TwcmNPN5OBplkd0FwCKfd4xFUnaw_sdo/view?usp=sharing into file artifacts/data_ingestion/data.zip]
[2024-02-18 20:36:42,986: INFO: main: >>>>>> stage Data Ingestion stage completed <<<<<<

x==========x]
[2024-02-18 21:33:58,868: INFO: common: yaml file: config\config.yaml loaded successfully]
[2024-02-18 21:33:58,871: INFO: common: yaml file: params.yaml loaded successfully]
[2024-02-18 21:33:58,872: INFO: common: created directory at: artifacts]
[2024-02-18 21:33:58,873: INFO: common: created directory at: artifacts/prepare_base_model]
[2024-02-18 21:34:29,705: INFO: common: yaml file: config\config.yaml loaded successfully]
[2024-02-18 21:34:29,707: INFO: common: yaml file: params.yaml loaded successfully]
[2024-02-18 21:34:29,708: INFO: common: created directory at: artifacts]
[2024-02-18 21:34:29,709: INFO: common: created directory at: artifacts/prepare_base_model]
[2024-02-18 21:36:48,999: INFO: common: yaml file: config\config.yaml loaded successfully]
[2024-02-18 21:36:49,001: INFO: common: yaml file: params.yaml loaded successfully]
[2024-02-18 21:36:49,003: INFO: common: created directory at: artifacts]
[2024-02-18 21:36:49,004: INFO: common: created directory at: artifacts/prepare_base_model]
[2024-02-18 21:41:07,084: INFO: common: yaml file: config\config.yaml loaded successfully]
[2024-02-18 21:41:07,085: INFO: common: yaml file: params.yaml loaded successfully]
[2024-02-18 21:41:07,087: INFO: common: created directory at: artifacts]
[2024-02-18 21:41:07,088: INFO: common: created directory at: artifacts/prepare_base_model]
[2024-02-18 22:17:41,176: INFO: common: yaml file: config\config.yaml loaded successfully]
[2024-02-18 22:17:41,185: INFO: common: yaml file: params.yaml loaded successfully]
[2024-02-18 22:17:41,187: INFO: common: created directory at: artifacts]
[2024-02-18 22:17:41,190: INFO: common: created directory at: artifacts/prepare_base_model]
[2024-02-18 22:17:58,244: WARNING: saving_utils: Compiled the loaded model, but the compiled metrics have yet to be built. `model.compile_metrics` will be empty until you train or evaluate the model.]
[2024-02-18 22:33:02,486: INFO: main: >>>>>> stage Data Ingestion stage started <<<<<<]
[2024-02-18 22:33:02,488: INFO: common: yaml file: config\config.yaml loaded successfully]
[2024-02-18 22:33:02,490: INFO: common: yaml file: params.yaml loaded successfully]
[2024-02-18 22:33:02,491: INFO: common: created directory at: artifacts]
[2024-02-18 22:33:02,491: INFO: common: created directory at: artifacts/data_ingestion]
[2024-02-18 22:33:02,491: INFO: data_ingestion: Downloading data from https://drive.google.com/file/d/1TwcmNPN5OBplkd0FwCKfd4xFUnaw_sdo/view?usp=sharing into file artifacts/data_ingestion/data.zip]
[2024-02-18 22:33:17,607: INFO: data_ingestion: Downloaded data from https://drive.google.com/file/d/1TwcmNPN5OBplkd0FwCKfd4xFUnaw_sdo/view?usp=sharing into file artifacts/data_ingestion/data.zip]
[2024-02-18 22:33:17,976: INFO: main: >>>>>> stage Data Ingestion stage completed <<<<<<

x==========x]
[2024-02-18 22:37:29,614: INFO: main: >>>>>> stage Data Ingestion stage started <<<<<<]
[2024-02-18 22:37:29,616: INFO: common: yaml file: config\config.yaml loaded successfully]
[2024-02-18 22:37:29,617: INFO: common: yaml file: params.yaml loaded successfully]
[2024-02-18 22:37:29,617: INFO: common: created directory at: artifacts]
[2024-02-18 22:37:29,618: INFO: common: created directory at: artifacts/data_ingestion]
[2024-02-18 22:37:29,618: INFO: data_ingestion: Downloading data from https://drive.google.com/file/d/1TwcmNPN5OBplkd0FwCKfd4xFUnaw_sdo/view?usp=sharing into file artifacts/data_ingestion/data.zip]
[2024-02-18 22:37:46,675: INFO: data_ingestion: Downloaded data from https://drive.google.com/file/d/1TwcmNPN5OBplkd0FwCKfd4xFUnaw_sdo/view?usp=sharing into file artifacts/data_ingestion/data.zip]
[2024-02-18 22:37:46,997: INFO: main: >>>>>> stage Data Ingestion stage completed <<<<<<

x==========x]
[2024-02-18 22:37:46,997: INFO: main: *******************]
[2024-02-18 22:37:46,997: INFO: main: >>>>>> stage Prepare base model started <<<<<<]
[2024-02-18 22:37:46,998: INFO: common: yaml file: config\config.yaml loaded successfully]
[2024-02-18 22:37:46,999: INFO: common: yaml file: params.yaml loaded successfully]
[2024-02-18 22:37:47,000: INFO: common: created directory at: artifacts]
[2024-02-18 22:37:47,000: INFO: common: created directory at: artifacts/prepare_base_model]
[2024-02-18 22:37:47,350: WARNING: saving_utils: Compiled the loaded model, but the compiled metrics have yet to be built. `model.compile_metrics` will be empty until you train or evaluate the model.]
[2024-02-18 22:37:47,543: INFO: main: >>>>>> stage Prepare base model completed <<<<<<

x==========x]
